0 info it worked if it ends with ok
1 verbose cli [ 'D:\\Program Files\\nodejs\\node.exe',
1 verbose cli   'D:\\Program Files\\nodejs\\node_modules\\npm\\bin\\npm-cli.js',
1 verbose cli   'run',
1 verbose cli   'build' ]
2 info using npm@3.10.9
3 info using node@v7.2.0
4 verbose run-script [ 'prebuild', 'build', 'postbuild' ]
5 info lifecycle app@1.0.0~prebuild: app@1.0.0
6 silly lifecycle app@1.0.0~prebuild: no script for prebuild, continuing
7 info lifecycle app@1.0.0~build: app@1.0.0
8 verbose lifecycle app@1.0.0~build: unsafe-perm in lifecycle true
9 verbose lifecycle app@1.0.0~build: PATH: D:\Program Files\nodejs\node_modules\npm\bin\node-gyp-bin;D:\wamp\www\react\me\project\node_modules\.bin;C:\Program Files\Java\jdk1.8.0_111\bin;C:\Program Files\Java\jdk1.8.0_111\bin;C:\Program Files\Java\jdk1.8.0_111\jre\bin;C:\Program Files (x86)\Intel\iCLS Client\;C:\Program Files\Intel\iCLS Client\;C:\Windows\system32;C:\Windows;C:\Windows\System32\Wbem;C:\Windows\System32\WindowsPowerShell\v1.0\;C:\Program Files\Intel\Intel(R) Management Engine Components\DAL;C:\Program Files (x86)\Intel\Intel(R) Management Engine Components\DAL;C:\Program Files\Intel\Intel(R) Management Engine Components\IPT;C:\Program Files (x86)\Intel\Intel(R) Management Engine Components\IPT;C:\Program Files\Lenovo\Fingerprint Manager Pro\;C:\Program Files (x86)\Common Files\Lenovo;C:\SWTOOLS\ReadyApps;d:\Program Files\Git\cmd;D:\Program Files\nodejs\;C:\Program Files\Java\jdk1.8.0_111\bin;C:\Program Files\Java\jdk1.8.0_111\jre\bin;C:\Program Files\TortoiseSVN\bin;C:\Users\sf\AppData\Roaming\npm
10 verbose lifecycle app@1.0.0~build: CWD: D:\wamp\www\react\me\project
11 silly lifecycle app@1.0.0~build: Args: [ '/d /s /c',
11 silly lifecycle   'webpack --config webpack.server.js --progress --colors --display-modules --display-reasons' ]
12 silly lifecycle app@1.0.0~build: Returned: code: 2  signal: null
13 info lifecycle app@1.0.0~build: Failed to exec build script
14 verbose stack Error: app@1.0.0 build: `webpack --config webpack.server.js --progress --colors --display-modules --display-reasons`
14 verbose stack Exit status 2
14 verbose stack     at EventEmitter.<anonymous> (D:\Program Files\nodejs\node_modules\npm\lib\utils\lifecycle.js:255:16)
14 verbose stack     at emitTwo (events.js:106:13)
14 verbose stack     at EventEmitter.emit (events.js:191:7)
14 verbose stack     at ChildProcess.<anonymous> (D:\Program Files\nodejs\node_modules\npm\lib\utils\spawn.js:40:14)
14 verbose stack     at emitTwo (events.js:106:13)
14 verbose stack     at ChildProcess.emit (events.js:191:7)
14 verbose stack     at maybeClose (internal/child_process.js:885:16)
14 verbose stack     at Process.ChildProcess._handle.onexit (internal/child_process.js:226:5)
15 verbose pkgid app@1.0.0
16 verbose cwd D:\wamp\www\react\me\project
17 error Windows_NT 6.1.7601
18 error argv "D:\\Program Files\\nodejs\\node.exe" "D:\\Program Files\\nodejs\\node_modules\\npm\\bin\\npm-cli.js" "run" "build"
19 error node v7.2.0
20 error npm  v3.10.9
21 error code ELIFECYCLE
22 error app@1.0.0 build: `webpack --config webpack.server.js --progress --colors --display-modules --display-reasons`
22 error Exit status 2
23 error Failed at the app@1.0.0 build script 'webpack --config webpack.server.js --progress --colors --display-modules --display-reasons'.
23 error Make sure you have the latest version of node.js and npm installed.
23 error If you do, this is most likely a problem with the app package,
23 error not with npm itself.
23 error Tell the author that this fails on your system:
23 error     webpack --config webpack.server.js --progress --colors --display-modules --display-reasons
23 error You can get information on how to open an issue for this project with:
23 error     npm bugs app
23 error Or if that isn't available, you can get their info via:
23 error     npm owner ls app
23 error There is likely additional logging output above.
24 verbose exit [ 1, true ]
